╔══════════════════════════════════════════╗
║  GEASPIRIT PROJECT — AUTOMATED SETUP     ║
║  Mineral Detection via Free Satellite AI  ║
╚══════════════════════════════════════════╝

============================================================
  Creating directory structure
============================================================
  ✓ /home/sost/SOST/geaspirit/data/sentinel2
  ✓ /home/sost/SOST/geaspirit/data/sentinel1
  ✓ /home/sost/SOST/geaspirit/data/emit
  ✓ /home/sost/SOST/geaspirit/data/landsat
  ✓ /home/sost/SOST/geaspirit/data/dem
  ✓ /home/sost/SOST/geaspirit/data/spectral_libraries/usgs_v7
  ✓ /home/sost/SOST/geaspirit/data/spectral_libraries/aster
  ✓ /home/sost/SOST/geaspirit/data/mrds
  ✓ /home/sost/SOST/geaspirit/data/geology_maps
  ✓ /home/sost/SOST/geaspirit/data/indices
  ✓ /home/sost/SOST/geaspirit/models
  ✓ /home/sost/SOST/geaspirit/outputs
  ✓ /home/sost/SOST/geaspirit/notebooks

  Base directory: /home/sost/SOST/geaspirit

============================================================
  Installing Python packages
============================================================
  → Installing rasterio...
  ✓ rasterio
  → Installing spectral...
  ✓ spectral
  → Installing scikit-learn...
  ✓ scikit-learn
  → Installing xgboost...
  ✓ xgboost
  → Installing geopandas...
  ✓ geopandas
  → Installing shapely...
  ✓ shapely
  ✓ matplotlib (already installed)
  → Installing seaborn...
  ✓ seaborn
  ✓ pandas (already installed)
  ✓ numpy (already installed)
  ✓ requests (already installed)
  ✓ tqdm (already installed)
  → Installing h5py...
  ✓ h5py
  ✓ joblib (already installed)
  → Installing folium...
  ✓ folium

  Optional packages (require authentication):
  → Installing earthengine-api...
  ✓ earthengine-api
  → Installing geemap...
  ✓ geemap

============================================================
  Downloading USGS MRDS deposit data
============================================================
  → Downloading from https://mrdata.usgs.gov/mrds/mrds-csv.zip...
  → Extracting...
  ✓ Extracted to /home/sost/SOST/geaspirit/data/mrds

============================================================
  Creating pilot zone configuration
============================================================
  ✓ /home/sost/SOST/geaspirit/config.json

============================================================
  SETUP COMPLETE — Summary
============================================================
  Base directory: /home/sost/SOST/geaspirit
  Data directory: /home/sost/SOST/geaspirit/data

  ✓ Directory structure
  ✓ MRDS data
  ✓ Config file

  NEXT STEPS:
  1. Create accounts (free):
     - Google Earth Engine: https://earthengine.google.com
     - Copernicus: https://dataspace.copernicus.eu
     - NASA Earthdata: https://urs.earthdata.nasa.gov
  2. Authenticate GEE: earthengine authenticate
  3. Download Sentinel-2: python3 geaspirit/scripts/download_sentinel2.py
  4. Compute indices: python3 geaspirit/scripts/compute_mineral_indices.py
  5. Train baseline: python3 geaspirit/scripts/train_baseline.py
