/home/sost/.local/lib/python3.10/site-packages/google/api_core/_python_version_support.py:275: FutureWarning: You are using a Python version (3.10.12) which Google will stop supporting in new releases of google.api_core once it reaches its end of life (2026-10-04). Please upgrade to the latest Python version, or at least Python 3.11, to continue receiving updates for google.api_core past that date.
  warnings.warn(message, FutureWarning)
To authorize access needed by Earth Engine, open the following URL in a web browser and follow the instructions. If the web browser does not start automatically, please manually browse the URL below.

    https://code.earthengine.google.com/client-auth?scopes=https%3A//www.googleapis.com/auth/earthengine%20https%3A//www.googleapis.com/auth/cloud-platform%20https%3A//www.googleapis.com/auth/drive%20https%3A//www.googleapis.com/auth/devstorage.full_control&request_id=5LCgRCABwzkVGxM3y8iFaelAJrXNih7oDDxdmpAvAek&tc=CnPOyq3I0OXCGwhfAdiEa1YT8QsLr2cX6JpS5a-KKjM&cc=tZqs10rNWJCcidosbmKOsniF6oBzFbjAxWo2oTh_13Q

The authorization workflow will generate a code, which you should paste in the box below.
Enter verification code: /usr/bin/xdg-open: 882: x-www-browser: not found
/usr/bin/xdg-open: 882: firefox: not found
/usr/bin/xdg-open: 882: iceweasel: not found
/usr/bin/xdg-open: 882: seamonkey: not found
/usr/bin/xdg-open: 882: mozilla: not found
/usr/bin/xdg-open: 882: epiphany: not found
/usr/bin/xdg-open: 882: konqueror: not found
/usr/bin/xdg-open: 882: chromium: not found
/usr/bin/xdg-open: 882: chromium-browser: not found
/usr/bin/xdg-open: 882: google-chrome: not found
/usr/bin/xdg-open: 882: www-browser: not found
/usr/bin/xdg-open: 882: links2: not found
/usr/bin/xdg-open: 882: elinks: not found
/usr/bin/xdg-open: 882: links: not found
/usr/bin/xdg-open: 882: lynx: not found
/usr/bin/xdg-open: 882: w3m: not found
xdg-open: no method available for opening 'https://code.earthengine.google.com/client-auth?scopes=https%3A//www.googleapis.com/auth/earthengine%20https%3A//www.googleapis.com/auth/cloud-platform%20https%3A//www.googleapis.com/auth/drive%20https%3A//www.googleapis.com/auth/devstorage.full_control&request_id=5LCgRCABwzkVGxM3y8iFaelAJrXNih7oDDxdmpAvAek&tc=CnPOyq3I0OXCGwhfAdiEa1YT8QsLr2cX6JpS5a-KKjM&cc=tZqs10rNWJCcidosbmKOsniF6oBzFbjAxWo2oTh_13Q'
