/home/sost/.local/lib/python3.10/site-packages/google/api_core/_python_version_support.py:275: FutureWarning: You are using a Python version (3.10.12) which Google will stop supporting in new releases of google.api_core once it reaches its end of life (2026-10-04). Please upgrade to the latest Python version, or at least Python 3.11, to continue receiving updates for google.api_core past that date.
  warnings.warn(message, FutureWarning)
Traceback (most recent call last):
  File "/home/sost/.local/lib/python3.10/site-packages/ee/data.py", line 349, in _execute_cloud_call
    return call.execute(num_retries=num_retries)
  File "/home/sost/.local/lib/python3.10/site-packages/googleapiclient/_helpers.py", line 130, in positional_wrapper
    return wrapped(*args, **kwargs)
  File "/home/sost/.local/lib/python3.10/site-packages/googleapiclient/http.py", line 938, in execute
    raise HttpError(resp, content, uri=self.uri)
googleapiclient.errors.HttpError: <HttpError 403 when requesting https://earthengine.googleapis.com/v1/projects/ee-sost-geaspirit/algorithms?prettyPrint=false&alt=json returned "Project ee-sost-geaspirit is not registered to use Earth Engine. Visit https://console.cloud.google.com/earth-engine/configuration?project=ee-sost-geaspirit to register your project. See https://developers.google.com/earth-engine/guides/access for more details. If you have previously registered your project for noncommercial use and lost access, you will need to re-verify your eligibility. See the https://developers.google.com/earth-engine/guides/access#configuring_noncommercial_access for more details.". Details: "Project ee-sost-geaspirit is not registered to use Earth Engine. Visit https://console.cloud.google.com/earth-engine/configuration?project=ee-sost-geaspirit to register your project. See https://developers.google.com/earth-engine/guides/access for more details. If you have previously registered your project for noncommercial use and lost access, you will need to re-verify your eligibility. See the https://developers.google.com/earth-engine/guides/access#configuring_noncommercial_access for more details.">

During handling of the above exception, another exception occurred:

Traceback (most recent call last):
  File "<stdin>", line 5, in <module>
  File "/home/sost/.local/lib/python3.10/site-packages/ee/_utils.py", line 39, in wrapper
    return func(*args, **kwargs)
  File "/home/sost/.local/lib/python3.10/site-packages/ee/__init__.py", line 275, in Initialize
    raise e
  File "/home/sost/.local/lib/python3.10/site-packages/ee/__init__.py", line 257, in Initialize
    ApiFunction.initialize()
  File "/home/sost/.local/lib/python3.10/site-packages/ee/apifunction.py", line 163, in initialize
    signatures = data.getAlgorithms()
  File "/home/sost/.local/lib/python3.10/site-packages/ee/data.py", line 1442, in getAlgorithms
    return _cloud_api_utils.convert_algorithms(_execute_cloud_call(call))
  File "/home/sost/.local/lib/python3.10/site-packages/ee/data.py", line 351, in _execute_cloud_call
    raise _translate_cloud_exception(e)  # pylint: disable=raise-missing-from
ee.ee_exception.EEException: Project ee-sost-geaspirit is not registered to use Earth Engine. Visit https://console.cloud.google.com/earth-engine/configuration?project=ee-sost-geaspirit to register your project. See https://developers.google.com/earth-engine/guides/access for more details. If you have previously registered your project for noncommercial use and lost access, you will need to re-verify your eligibility. See the https://developers.google.com/earth-engine/guides/access#configuring_noncommercial_access for more details.
