Collecting rasterio
  Downloading rasterio-1.4.4-cp310-cp310-manylinux_2_28_x86_64.whl.metadata (9.3 kB)
Collecting geopandas
  Downloading geopandas-1.1.3-py3-none-any.whl.metadata (2.3 kB)
Collecting shapely
  Downloading shapely-2.1.2-cp310-cp310-manylinux2014_x86_64.manylinux_2_17_x86_64.whl.metadata (6.8 kB)
Requirement already satisfied: scikit-learn in /home/sost/.local/lib/python3.10/site-packages (1.7.2)
Collecting xgboost
  Downloading xgboost-3.2.0-py3-none-manylinux_2_28_x86_64.whl.metadata (2.1 kB)
Collecting spectral
  Downloading spectral-0.24-py3-none-any.whl.metadata (1.3 kB)
Requirement already satisfied: joblib in /home/sost/.local/lib/python3.10/site-packages (1.5.3)
Requirement already satisfied: requests in /home/sost/.local/lib/python3.10/site-packages (2.32.5)
Requirement already satisfied: tqdm in /home/sost/.local/lib/python3.10/site-packages (4.67.3)
Requirement already satisfied: matplotlib in /home/sost/.local/lib/python3.10/site-packages (3.10.6)
Requirement already satisfied: pandas in /home/sost/.local/lib/python3.10/site-packages (2.3.3)
Requirement already satisfied: numpy in /home/sost/.local/lib/python3.10/site-packages (1.26.4)
Collecting affine (from rasterio)
  Downloading affine-2.4.0-py3-none-any.whl.metadata (4.0 kB)
Requirement already satisfied: attrs in /usr/lib/python3/dist-packages (from rasterio) (21.2.0)
Requirement already satisfied: certifi in /usr/lib/python3/dist-packages (from rasterio) (2020.6.20)
Requirement already satisfied: click!=8.2.*,>=4.0 in /usr/lib/python3/dist-packages (from rasterio) (8.0.3)
Collecting cligj>=0.5 (from rasterio)
  Downloading cligj-0.7.2-py3-none-any.whl.metadata (5.0 kB)
Collecting click-plugins (from rasterio)
  Downloading click_plugins-1.1.1.2-py2.py3-none-any.whl.metadata (6.5 kB)
Requirement already satisfied: pyparsing in /home/sost/.local/lib/python3.10/site-packages (from rasterio) (2.4.7)
Collecting pyogrio>=0.7.2 (from geopandas)
  Downloading pyogrio-0.12.1-cp310-cp310-manylinux_2_28_x86_64.whl.metadata (5.9 kB)
Requirement already satisfied: packaging in /home/sost/.local/lib/python3.10/site-packages (from geopandas) (25.0)
Collecting pyproj>=3.5.0 (from geopandas)
  Downloading pyproj-3.7.1-cp310-cp310-manylinux_2_17_x86_64.manylinux2014_x86_64.whl.metadata (31 kB)
Requirement already satisfied: scipy>=1.8.0 in /home/sost/.local/lib/python3.10/site-packages (from scikit-learn) (1.15.3)
Requirement already satisfied: threadpoolctl>=3.1.0 in /home/sost/.local/lib/python3.10/site-packages (from scikit-learn) (3.6.0)
Requirement already satisfied: nvidia-nccl-cu12 in /home/sost/.local/lib/python3.10/site-packages (from xgboost) (2.19.3)
Requirement already satisfied: charset_normalizer<4,>=2 in /home/sost/.local/lib/python3.10/site-packages (from requests) (3.4.4)
Requirement already satisfied: idna<4,>=2.5 in /usr/lib/python3/dist-packages (from requests) (3.3)
Requirement already satisfied: urllib3<3,>=1.21.1 in /home/sost/.local/lib/python3.10/site-packages (from requests) (2.6.3)
Requirement already satisfied: contourpy>=1.0.1 in /home/sost/.local/lib/python3.10/site-packages (from matplotlib) (1.3.2)
Requirement already satisfied: cycler>=0.10 in /home/sost/.local/lib/python3.10/site-packages (from matplotlib) (0.12.1)
Requirement already satisfied: fonttools>=4.22.0 in /home/sost/.local/lib/python3.10/site-packages (from matplotlib) (4.62.1)
Requirement already satisfied: kiwisolver>=1.3.1 in /home/sost/.local/lib/python3.10/site-packages (from matplotlib) (1.5.0)
Requirement already satisfied: pillow>=8 in /home/sost/.local/lib/python3.10/site-packages (from matplotlib) (12.1.1)
Requirement already satisfied: python-dateutil>=2.7 in /home/sost/.local/lib/python3.10/site-packages (from matplotlib) (2.9.0.post0)
Requirement already satisfied: pytz>=2020.1 in /usr/lib/python3/dist-packages (from pandas) (2022.1)
Requirement already satisfied: tzdata>=2022.7 in /home/sost/.local/lib/python3.10/site-packages (from pandas) (2025.3)
Requirement already satisfied: six>=1.5 in /usr/lib/python3/dist-packages (from python-dateutil>=2.7->matplotlib) (1.16.0)
Downloading rasterio-1.4.4-cp310-cp310-manylinux_2_28_x86_64.whl (35.3 MB)
   ━━━━━━━━━━━━━━━━━━━━━━━━━━━━━━━━━━━━━━━━ 35.3/35.3 MB 2.9 MB/s  0:00:12
Downloading geopandas-1.1.3-py3-none-any.whl (342 kB)
Downloading shapely-2.1.2-cp310-cp310-manylinux2014_x86_64.manylinux_2_17_x86_64.whl (3.1 MB)
   ━━━━━━━━━━━━━━━━━━━━━━━━━━━━━━━━━━━━━━━━ 3.1/3.1 MB 3.6 MB/s  0:00:00
Downloading xgboost-3.2.0-py3-none-manylinux_2_28_x86_64.whl (131.7 MB)
   ━━━━━━━━━━━━━━━━━━━━━━━━━━━━━━━━━━━━━━━━ 131.7/131.7 MB 4.4 MB/s  0:00:30
Downloading spectral-0.24-py3-none-any.whl (249 kB)
Downloading cligj-0.7.2-py3-none-any.whl (7.1 kB)
Downloading pyogrio-0.12.1-cp310-cp310-manylinux_2_28_x86_64.whl (32.4 MB)
   ━━━━━━━━━━━━━━━━━━━━━━━━━━━━━━━━━━━━━━━━ 32.4/32.4 MB 3.6 MB/s  0:00:09
Downloading pyproj-3.7.1-cp310-cp310-manylinux_2_17_x86_64.manylinux2014_x86_64.whl (9.3 MB)
   ━━━━━━━━━━━━━━━━━━━━━━━━━━━━━━━━━━━━━━━━ 9.3/9.3 MB 4.0 MB/s  0:00:02
Downloading affine-2.4.0-py3-none-any.whl (15 kB)
Downloading click_plugins-1.1.1.2-py2.py3-none-any.whl (11 kB)
Installing collected packages: spectral, shapely, pyproj, pyogrio, cligj, click-plugins, affine, xgboost, rasterio, geopandas

Successfully installed affine-2.4.0 click-plugins-1.1.1.2 cligj-0.7.2 geopandas-1.1.3 pyogrio-0.12.1 pyproj-3.7.1 rasterio-1.4.4 shapely-2.1.2 spectral-0.24 xgboost-3.2.0
