----- VERIFY -----
/home/sost/.local/lib/python3.10/site-packages/google/api_core/_python_version_support.py:275: FutureWarning: You are using a Python version (3.10.12) which Google will stop supporting in new releases of google.api_core once it reaches its end of life (2026-10-04). Please upgrade to the latest Python version, or at least Python 3.11, to continue receiving updates for google.api_core past that date.
  warnings.warn(message, FutureWarning)
GEE OK / project=ee-sost-geaspirit
Hello from Earth Engine
----- IMPORTS -----
/home/sost/.local/lib/python3.10/site-packages/google/api_core/_python_version_support.py:275: FutureWarning: You are using a Python version (3.10.12) which Google will stop supporting in new releases of google.api_core once it reaches its end of life (2026-10-04). Please upgrade to the latest Python version, or at least Python 3.11, to continue receiving updates for google.api_core past that date.
  warnings.warn(message, FutureWarning)
OK: ee
OK: rasterio
OK: geopandas
OK: shapely
OK: sklearn
OK: xgboost
OK: spectral
OK: joblib
OK: numpy
OK: pandas
----- DOWNLOAD (last 100) -----
/home/sost/.local/lib/python3.10/site-packages/google/api_core/_python_version_support.py:275: FutureWarning: You are using a Python version (3.10.12) which Google will stop supporting in new releases of google.api_core once it reaches its end of life (2026-10-04). Please upgrade to the latest Python version, or at least Python 3.11, to continue receiving updates for google.api_core past that date.
  warnings.warn(message, FutureWarning)
Searching Sentinel-2 for chuquicamata...
Exporting to /home/sost/SOST/geaspirit/data/sentinel2/chuquicamata_s2.tif/chuquicamata_s2.tif...
Generating URL ...
An error occurred while downloading.
Total request size (858932730 bytes) must be less than or equal to 50331648 bytes.
✓ Saved: /home/sost/SOST/geaspirit/data/sentinel2/chuquicamata_s2.tif/chuquicamata_s2.tif
----- INDICES (last 100) -----
Reading /home/sost/SOST/geaspirit/data/sentinel2/chuquicamata_s2.tif...
Traceback (most recent call last):
  File "rasterio/_base.pyx", line 311, in rasterio._base.DatasetBase.__init__
  File "rasterio/_base.pyx", line 222, in rasterio._base.open_dataset
  File "rasterio/_err.pyx", line 359, in rasterio._err.exc_wrap_pointer
rasterio._err.CPLE_OpenFailedError: '/home/sost/SOST/geaspirit/data/sentinel2/chuquicamata_s2.tif' not recognized as being in a supported file format.

During handling of the above exception, another exception occurred:

Traceback (most recent call last):
  File "/home/sost/SOST/sostcore/sost-core/geaspirit/scripts/compute_mineral_indices.py", line 79, in <module>
    main()
  File "/home/sost/SOST/sostcore/sost-core/geaspirit/scripts/compute_mineral_indices.py", line 27, in main
    with rasterio.open(args.input) as src:
  File "/home/sost/.local/lib/python3.10/site-packages/rasterio/env.py", line 463, in wrapper
    return f(*args, **kwds)
  File "/home/sost/.local/lib/python3.10/site-packages/rasterio/__init__.py", line 356, in open
    dataset = DatasetReader(path, driver=driver, sharing=sharing, **kwargs)
  File "rasterio/_base.pyx", line 313, in rasterio._base.DatasetBase.__init__
rasterio.errors.RasterioIOError: '/home/sost/SOST/geaspirit/data/sentinel2/chuquicamata_s2.tif' not recognized as being in a supported file format.
----- MRDS -----
MRDS_FILE=/home/sost/SOST/geaspirit/data/mrds/mrds.csv
----- TRAIN (last 120) -----
No index TIFFs found matching /home/sost/SOST/geaspirit/data/indices/chuquicamata_indices.tif/chuquicamata*.tif
----- OUTPUT FILES -----
