============================================================
EMIT Coverage Inventory
============================================================

[Auth] Logging in to Earthdata...
  Authentication OK

[AOI] Chuquicamata (center: -22.3, -68.9)...
    L2A (EMITL2ARFL): 85 granules  ~80% overlap
    L2B (EMITL2BMIN): 85 granules  ~80% overlap

[AOI] Peru (center: -15.5, -75.0)...
    L2A (EMITL2ARFL): 84 granules  ~80% overlap
    L2B (EMITL2BMIN): 84 granules  ~80% overlap

[AOI] Arizona (center: 32.4, -111.0)...
    L2A (EMITL2ARFL): 156 granules  ~80% overlap
    L2B (EMITL2BMIN): 156 granules  ~80% overlap

[AOI] Kalgoorlie (center: -31.4, 121.5)...
    L2A (EMITL2ARFL): 123 granules  ~80% overlap
    L2B (EMITL2BMIN): 123 granules  ~80% overlap

[AOI] Banos_de_Mula (center: 38.04, -1.43)...
    L2A (EMITL2ARFL): 30 granules  ~80% overlap
    L2B (EMITL2BMIN): 30 granules  ~80% overlap

[AOI] Volcan_Barqueros (center: 37.88, -1.15)...
    L2A (EMITL2ARFL): 23 granules  ~80% overlap
    L2B (EMITL2BMIN): 23 granules  ~80% overlap

[AOI] Salave (center: 43.33, -6.93)...
    L2A (EMITL2ARFL): 8 granules  ~30% overlap
    L2B (EMITL2BMIN): 8 granules  ~30% overlap

============================================================
Viability Ranking:
  1. Chuquicamata          score=76.0  granules=170
  2. Peru                  score=76.0  granules=168
  3. Arizona               score=76.0  granules=312
  4. Kalgoorlie            score=76.0  granules=246
  5. Banos_de_Mula         score=76.0  granules=60
  6. Volcan_Barqueros      score=76.0  granules=46
  7. Salave                score=30.0  granules=16

Elapsed: 15.2s
============================================================

JSON saved to /home/sost/SOST/geaspirit/outputs/emit/emit_coverage_inventory.json
Markdown saved to /home/sost/SOST/geaspirit/outputs/emit/emit_coverage_inventory.md
