2026-03-26 00:16:11,368 [INFO]   sat: (12, 1673, 1960)
2026-03-26 00:16:11,565 [INFO]   mag: (5, 1673, 1960)
2026-03-26 00:16:11,653 [INFO]   thermal: (14, 513, 602)
2026-03-26 00:16:11,656 [INFO]   Labels: 205
2026-03-26 00:16:11,656 [INFO] 
============================================================
2026-03-26 00:16:11,656 [INFO]   H1_baseline_only (progressive features)
2026-03-26 00:16:11,656 [INFO] ============================================================
2026-03-26 00:16:23,588 [INFO]   sat: (12, 1673, 1960)
2026-03-26 00:16:23,774 [INFO]   mag: (5, 1673, 1960)
2026-03-26 00:16:23,858 [INFO]   thermal: (14, 513, 602)
2026-03-26 00:16:23,861 [INFO]   Labels: 205
2026-03-26 00:16:23,861 [INFO] 
============================================================
2026-03-26 00:16:23,861 [INFO]   H1_baseline_only (progressive features)
2026-03-26 00:16:23,861 [INFO] ============================================================
2026-03-26 00:16:27,369 [INFO]   Samples: 205 deposits + 615 background = 820
2026-03-26 00:16:27,369 [INFO]   Features: 12
2026-03-26 00:16:32,475 [INFO]   Detection AUC: 0.8654
2026-03-26 00:16:32,477 [INFO]   Brier: 0.1212 -> 0.1027 (calibrated)
2026-03-26 00:16:32,477 [INFO]   Max calibration error: 0.000
2026-03-26 00:16:34,966 [INFO]   Mineral AUC (Au vs Ni): 0.5068
2026-03-26 00:16:34,966 [INFO] 
  SCORES:
2026-03-26 00:16:34,966 [INFO]     MINERAL:     2.0/10
2026-03-26 00:16:34,966 [INFO]     DEPTH:       3.0/10
2026-03-26 00:16:34,966 [INFO]     COORDINATES: 7.0/10
2026-03-26 00:16:34,966 [INFO]     CERTAINTY:   9.2/10
2026-03-26 00:16:34,966 [INFO]     TOTAL:       21.2/40 (53%)
2026-03-26 00:16:34,967 [INFO] 
============================================================
2026-03-26 00:16:34,967 [INFO]   H2_add_magnetics (progressive features)
2026-03-26 00:16:34,967 [INFO] ============================================================
2026-03-26 00:16:38,243 [INFO]   Samples: 205 deposits + 615 background = 820
2026-03-26 00:16:38,243 [INFO]   Features: 17
2026-03-26 00:16:45,049 [INFO]   Detection AUC: 0.8744
2026-03-26 00:16:45,051 [INFO]   Brier: 0.1199 -> 0.1032 (calibrated)
2026-03-26 00:16:45,052 [INFO]   Max calibration error: 0.000
2026-03-26 00:16:47,572 [INFO]   Mineral AUC (Au vs Ni): 0.5385
2026-03-26 00:16:47,574 [INFO]   Depth proxy: d=-0.215, p=0.0000, deposits=0m vs bg=1m
2026-03-26 00:16:47,574 [INFO] 
  SCORES:
2026-03-26 00:16:47,574 [INFO]     MINERAL:     2.0/10
2026-03-26 00:16:47,575 [INFO]     DEPTH:       4.1/10
2026-03-26 00:16:47,575 [INFO]     COORDINATES: 7.0/10
2026-03-26 00:16:47,575 [INFO]     CERTAINTY:   9.2/10
2026-03-26 00:16:47,575 [INFO]     TOTAL:       22.3/40 (56%)
2026-03-26 00:16:47,575 [INFO] 
============================================================
2026-03-26 00:16:47,575 [INFO]   H3_add_neighborhood_context (progressive features)
2026-03-26 00:16:47,575 [INFO] ============================================================
2026-03-26 00:16:51,285 [INFO]   Samples: 205 deposits + 615 background = 820
2026-03-26 00:16:51,285 [INFO]   Features: 65
2026-03-26 00:17:10,744 [INFO]   Detection AUC: 0.8819
2026-03-26 00:17:10,747 [INFO]   Brier: 0.1087 -> 0.0914 (calibrated)
2026-03-26 00:17:10,747 [INFO]   Max calibration error: 0.000
2026-03-26 00:17:16,022 [INFO]   Mineral AUC (Au vs Ni): 0.6271
2026-03-26 00:17:16,023 [INFO]   Depth proxy: d=-0.215, p=0.0000, deposits=0m vs bg=1m
2026-03-26 00:17:16,023 [INFO] 
  SCORES:
2026-03-26 00:17:16,023 [INFO]     MINERAL:     3.3/10
2026-03-26 00:17:16,023 [INFO]     DEPTH:       4.1/10
2026-03-26 00:17:16,023 [INFO]     COORDINATES: 7.0/10
2026-03-26 00:17:16,023 [INFO]     CERTAINTY:   9.3/10
2026-03-26 00:17:16,023 [INFO]     TOTAL:       23.7/40 (59%)
2026-03-26 00:17:16,024 [INFO] 
============================================================
2026-03-26 00:17:16,024 [INFO]   H4_add_band_ratios (progressive features)
2026-03-26 00:17:16,024 [INFO] ============================================================
2026-03-26 00:17:19,580 [INFO]   Samples: 205 deposits + 615 background = 820
2026-03-26 00:17:19,580 [INFO]   Features: 69
2026-03-26 00:17:41,095 [INFO]   Detection AUC: 0.8883
2026-03-26 00:17:41,097 [INFO]   Brier: 0.1066 -> 0.0901 (calibrated)
2026-03-26 00:17:41,097 [INFO]   Max calibration error: 0.000
2026-03-26 00:17:46,187 [INFO]   Mineral AUC (Au vs Ni): 0.5947
2026-03-26 00:17:46,189 [INFO]   Depth proxy: d=-0.215, p=0.0000, deposits=0m vs bg=1m
2026-03-26 00:17:46,197 [INFO] 
  SCORES:
2026-03-26 00:17:46,197 [INFO]     MINERAL:     2.9/10
2026-03-26 00:17:46,197 [INFO]     DEPTH:       4.1/10
2026-03-26 00:17:46,198 [INFO]     COORDINATES: 7.0/10
2026-03-26 00:17:46,198 [INFO]     CERTAINTY:   9.3/10
2026-03-26 00:17:46,198 [INFO]     TOTAL:       23.3/40 (58%)
2026-03-26 00:17:46,198 [INFO] 
============================================================
2026-03-26 00:17:46,198 [INFO]   H5_add_isotonic_calibration (progressive features)
2026-03-26 00:17:46,198 [INFO] ============================================================
2026-03-26 00:17:50,439 [INFO]   Samples: 205 deposits + 615 background = 820
2026-03-26 00:17:50,439 [INFO]   Features: 83
2026-03-26 00:18:14,433 [INFO]   Detection AUC: 0.8835
2026-03-26 00:18:14,435 [INFO]   Brier: 0.1079 -> 0.0934 (calibrated)
2026-03-26 00:18:14,435 [INFO]   Max calibration error: 0.000
2026-03-26 00:18:19,875 [INFO]   Mineral AUC (Au vs Ni): 0.6128
2026-03-26 00:18:19,877 [INFO]   Depth proxy: d=-0.215, p=0.0000, deposits=0m vs bg=1m
2026-03-26 00:18:19,886 [INFO] 
  SCORES:
2026-03-26 00:18:19,886 [INFO]     MINERAL:     3.1/10
2026-03-26 00:18:19,886 [INFO]     DEPTH:       4.1/10
2026-03-26 00:18:19,886 [INFO]     COORDINATES: 7.0/10
2026-03-26 00:18:19,886 [INFO]     CERTAINTY:   9.3/10
2026-03-26 00:18:19,886 [INFO]     TOTAL:       23.5/40 (59%)
