2026-03-26 00:42:48,004  Starting from iteration 1
2026-03-26 00:42:48,004  
==============================================================
2026-03-26 00:42:48,004    ITER 0001 | P9-A: GSWA geology integration
2026-03-26 00:42:48,004    Lithology (greenstone/ultramafic/granite/sedimentary) discriminates mineral type
2026-03-26 00:42:48,004  ==============================================================
2026-03-26 00:42:50,995    Dataset: 3500x35
2026-03-26 00:43:04,560  
  SCORES (delta vs Phase 8B):
2026-03-26 00:43:04,560    Mineral:     2.15/10  (-1.15)
2026-03-26 00:43:04,560    Depth:       4.10/10  (+0.0)
2026-03-26 00:43:04,560    Coords:      7.00/10
2026-03-26 00:43:04,560    Certainty:  10.00/10  (+0.7)
2026-03-26 00:43:04,560    ──────────────────────────
2026-03-26 00:43:04,560    TOTAL:      23.25/40  (-0.45) [58.1%]
2026-03-26 00:43:04,560    AUC: 1.0000  Brier: 0.0021
2026-03-26 00:43:04,561    Done in 16.6s
2026-03-26 00:43:04,561  
==============================================================
2026-03-26 00:43:04,561    ITER 0002 | P9-A: GSWA geology integration
2026-03-26 00:43:04,561    Lithology (greenstone/ultramafic/granite/sedimentary) discriminates mineral type
2026-03-26 00:43:04,561  ==============================================================
2026-03-26 00:43:09,649    Dataset: 3500x50
2026-03-26 00:43:20,625  
  SCORES (delta vs Phase 8B):
2026-03-26 00:43:20,625    Mineral:     2.00/10  (-1.3)
2026-03-26 00:43:20,625    Depth:       4.10/10  (+0.0)
2026-03-26 00:43:20,625    Coords:      7.00/10
2026-03-26 00:43:20,625    Certainty:  10.00/10  (+0.7)
2026-03-26 00:43:20,625    ──────────────────────────
2026-03-26 00:43:20,625    TOTAL:      23.10/40  (-0.6) [57.8%]
2026-03-26 00:43:20,625    AUC: 1.0000  Brier: 0.0000
2026-03-26 00:43:20,626    Done in 16.1s
2026-03-26 00:43:20,626  
==============================================================
2026-03-26 00:43:20,626    ITER 0003 | P9-A: GSWA geology integration
2026-03-26 00:43:20,626    Lithology (greenstone/ultramafic/granite/sedimentary) discriminates mineral type
2026-03-26 00:43:20,626  ==============================================================
2026-03-26 00:43:25,006    Dataset: 3500x50
2026-03-26 00:43:36,119  
  SCORES (delta vs Phase 8B):
2026-03-26 00:43:36,119    Mineral:     2.00/10  (-1.3)
2026-03-26 00:43:36,119    Depth:       4.10/10  (+0.0)
2026-03-26 00:43:36,119    Coords:      7.00/10
2026-03-26 00:43:36,119    Certainty:  10.00/10  (+0.7)
2026-03-26 00:43:36,119    ──────────────────────────
2026-03-26 00:43:36,119    TOTAL:      23.10/40  (-0.6) [57.8%]
2026-03-26 00:43:36,119    AUC: 1.0000  Brier: 0.0000
2026-03-26 00:43:36,120    Done in 15.5s
2026-03-26 00:43:36,120  
==============================================================
2026-03-26 00:43:36,120    ITER 0004 | P9-A: GSWA geology integration
2026-03-26 00:43:36,120    Lithology (greenstone/ultramafic/granite/sedimentary) discriminates mineral type
2026-03-26 00:43:36,120  ==============================================================
2026-03-26 00:43:40,366    Dataset: 3500x50
2026-03-26 00:43:54,175  
  SCORES (delta vs Phase 8B):
2026-03-26 00:43:54,175    Mineral:     2.00/10  (-1.3)
2026-03-26 00:43:54,175    Depth:       4.10/10  (+0.0)
2026-03-26 00:43:54,175    Coords:      7.00/10
2026-03-26 00:43:54,175    Certainty:  10.00/10  (+0.7)
2026-03-26 00:43:54,175    ──────────────────────────
2026-03-26 00:43:54,175    TOTAL:      23.10/40  (-0.6) [57.8%]
2026-03-26 00:43:54,176    AUC: 1.0000  Brier: 0.0000
2026-03-26 00:43:54,176    Done in 18.1s
2026-03-26 00:43:54,176  
==============================================================
2026-03-26 00:43:54,176    ITER 0005 | P9-A: GSWA geology integration
2026-03-26 00:43:54,176    Lithology (greenstone/ultramafic/granite/sedimentary) discriminates mineral type
2026-03-26 00:43:54,176  ==============================================================
2026-03-26 00:43:58,517    Dataset: 3500x50
2026-03-26 00:44:12,047  
  SCORES (delta vs Phase 8B):
2026-03-26 00:44:12,047    Mineral:     2.00/10  (-1.3)
2026-03-26 00:44:12,047    Depth:       4.10/10  (+0.0)
2026-03-26 00:44:12,047    Coords:      7.00/10
2026-03-26 00:44:12,047    Certainty:  10.00/10  (+0.7)
2026-03-26 00:44:12,047    ──────────────────────────
2026-03-26 00:44:12,047    TOTAL:      23.10/40  (-0.6) [57.8%]
2026-03-26 00:44:12,047    AUC: 1.0000  Brier: 0.0000
2026-03-26 00:44:12,048    Done in 17.9s
2026-03-26 00:44:12,048  
==============================================================
2026-03-26 00:44:12,048    ITER 0006 | P9-A: GSWA geology integration
2026-03-26 00:44:12,048    Lithology (greenstone/ultramafic/granite/sedimentary) discriminates mineral type
2026-03-26 00:44:12,048  ==============================================================
2026-03-26 00:44:16,324    Dataset: 3500x50
2026-03-26 00:44:27,691  
  SCORES (delta vs Phase 8B):
2026-03-26 00:44:27,691    Mineral:     2.00/10  (-1.3)
2026-03-26 00:44:27,691    Depth:       4.10/10  (+0.0)
2026-03-26 00:44:27,691    Coords:      7.00/10
2026-03-26 00:44:27,691    Certainty:  10.00/10  (+0.7)
2026-03-26 00:44:27,691    ──────────────────────────
2026-03-26 00:44:27,691    TOTAL:      23.10/40  (-0.6) [57.8%]
2026-03-26 00:44:27,691    AUC: 1.0000  Brier: 0.0000
2026-03-26 00:44:27,692    Done in 15.6s
2026-03-26 00:44:27,692  
==============================================================
2026-03-26 00:44:27,692    ITER 0007 | P9-A: GSWA geology integration
2026-03-26 00:44:27,692    Lithology (greenstone/ultramafic/granite/sedimentary) discriminates mineral type
2026-03-26 00:44:27,692  ==============================================================
2026-03-26 00:44:32,370    Dataset: 3500x50
2026-03-26 00:44:42,228  
  SCORES (delta vs Phase 8B):
2026-03-26 00:44:42,228    Mineral:     2.00/10  (-1.3)
2026-03-26 00:44:42,228    Depth:       4.10/10  (+0.0)
2026-03-26 00:44:42,228    Coords:      7.00/10
2026-03-26 00:44:42,228    Certainty:  10.00/10  (+0.7)
2026-03-26 00:44:42,228    ──────────────────────────
2026-03-26 00:44:42,228    TOTAL:      23.10/40  (-0.6) [57.8%]
2026-03-26 00:44:42,228    AUC: 1.0000  Brier: 0.0000
2026-03-26 00:44:42,229    Done in 14.5s
2026-03-26 00:44:42,229  
==============================================================
2026-03-26 00:44:42,229    ITER 0008 | P9-A: GSWA geology integration
2026-03-26 00:44:42,229    Lithology (greenstone/ultramafic/granite/sedimentary) discriminates mineral type
2026-03-26 00:44:42,229  ==============================================================
2026-03-26 00:44:47,022    Dataset: 3500x50
2026-03-26 00:44:59,463  
  SCORES (delta vs Phase 8B):
2026-03-26 00:44:59,463    Mineral:     2.00/10  (-1.3)
2026-03-26 00:44:59,463    Depth:       4.10/10  (+0.0)
2026-03-26 00:44:59,463    Coords:      7.00/10
2026-03-26 00:44:59,463    Certainty:  10.00/10  (+0.7)
2026-03-26 00:44:59,463    ──────────────────────────
2026-03-26 00:44:59,463    TOTAL:      23.10/40  (-0.6) [57.8%]
2026-03-26 00:44:59,463    AUC: 1.0000  Brier: 0.0000
2026-03-26 00:44:59,464    Done in 17.2s
2026-03-26 00:44:59,464  
==============================================================
2026-03-26 00:44:59,464    ITER 0009 | P9-A: GSWA geology integration
2026-03-26 00:44:59,464    Lithology (greenstone/ultramafic/granite/sedimentary) discriminates mineral type
2026-03-26 00:44:59,464  ==============================================================
2026-03-26 00:45:03,727    Dataset: 3500x50
2026-03-26 00:45:13,147  
  SCORES (delta vs Phase 8B):
2026-03-26 00:45:13,147    Mineral:     2.00/10  (-1.3)
2026-03-26 00:45:13,147    Depth:       4.10/10  (+0.0)
2026-03-26 00:45:13,147    Coords:      7.00/10
2026-03-26 00:45:13,147    Certainty:  10.00/10  (+0.7)
2026-03-26 00:45:13,147    ──────────────────────────
2026-03-26 00:45:13,147    TOTAL:      23.10/40  (-0.6) [57.8%]
2026-03-26 00:45:13,148    AUC: 1.0000  Brier: 0.0000
2026-03-26 00:45:13,148    Done in 13.7s
2026-03-26 00:45:13,148  
==============================================================
2026-03-26 00:45:13,148    ITER 0010 | P9-A: GSWA geology integration
2026-03-26 00:45:13,148    Lithology (greenstone/ultramafic/granite/sedimentary) discriminates mineral type
2026-03-26 00:45:13,148  ==============================================================
2026-03-26 00:45:18,331    Dataset: 3500x50
2026-03-26 00:45:27,418  
  SCORES (delta vs Phase 8B):
2026-03-26 00:45:27,418    Mineral:     2.00/10  (-1.3)
2026-03-26 00:45:27,418    Depth:       4.10/10  (+0.0)
2026-03-26 00:45:27,418    Coords:      7.00/10
2026-03-26 00:45:27,418    Certainty:  10.00/10  (+0.7)
2026-03-26 00:45:27,418    ──────────────────────────
2026-03-26 00:45:27,418    TOTAL:      23.10/40  (-0.6) [57.8%]
2026-03-26 00:45:27,418    AUC: 1.0000  Brier: 0.0000
2026-03-26 00:45:27,419    Done in 14.3s
2026-03-26 00:45:27,419  
==============================================================
2026-03-26 00:45:27,419    ITER 0011 | P9-A: GSWA geology integration
2026-03-26 00:45:27,419    Lithology (greenstone/ultramafic/granite/sedimentary) discriminates mineral type
2026-03-26 00:45:27,419  ==============================================================
2026-03-26 00:45:31,919    Dataset: 3500x50
2026-03-26 00:45:43,825  
  SCORES (delta vs Phase 8B):
2026-03-26 00:45:43,825    Mineral:     2.00/10  (-1.3)
2026-03-26 00:45:43,825    Depth:       4.10/10  (+0.0)
2026-03-26 00:45:43,825    Coords:      7.00/10
2026-03-26 00:45:43,825    Certainty:  10.00/10  (+0.7)
2026-03-26 00:45:43,825    ──────────────────────────
2026-03-26 00:45:43,825    TOTAL:      23.10/40  (-0.6) [57.8%]
2026-03-26 00:45:43,825    AUC: 1.0000  Brier: 0.0000
2026-03-26 00:45:43,825    Done in 16.4s
2026-03-26 00:45:43,826  
==============================================================
2026-03-26 00:45:43,826    ITER 0012 | P9-A: GSWA geology integration
2026-03-26 00:45:43,826    Lithology (greenstone/ultramafic/granite/sedimentary) discriminates mineral type
2026-03-26 00:45:43,826  ==============================================================
2026-03-26 00:45:48,094    Dataset: 3500x50
2026-03-26 00:45:58,049  
  SCORES (delta vs Phase 8B):
2026-03-26 00:45:58,049    Mineral:     2.00/10  (-1.3)
2026-03-26 00:45:58,049    Depth:       4.10/10  (+0.0)
2026-03-26 00:45:58,049    Coords:      7.00/10
2026-03-26 00:45:58,049    Certainty:  10.00/10  (+0.7)
2026-03-26 00:45:58,049    ──────────────────────────
2026-03-26 00:45:58,049    TOTAL:      23.10/40  (-0.6) [57.8%]
2026-03-26 00:45:58,049    AUC: 1.0000  Brier: 0.0000
2026-03-26 00:45:58,050    Done in 14.2s
2026-03-26 00:45:58,050  
==============================================================
2026-03-26 00:45:58,050    ITER 0013 | P9-A: GSWA geology integration
2026-03-26 00:45:58,050    Lithology (greenstone/ultramafic/granite/sedimentary) discriminates mineral type
2026-03-26 00:45:58,050  ==============================================================
2026-03-26 00:46:03,342    Dataset: 3500x50
2026-03-26 00:46:16,924  
  SCORES (delta vs Phase 8B):
2026-03-26 00:46:16,924    Mineral:     2.00/10  (-1.3)
2026-03-26 00:46:16,924    Depth:       4.10/10  (+0.0)
2026-03-26 00:46:16,924    Coords:      7.00/10
2026-03-26 00:46:16,924    Certainty:  10.00/10  (+0.7)
2026-03-26 00:46:16,925    ──────────────────────────
2026-03-26 00:46:16,925    TOTAL:      23.10/40  (-0.6) [57.8%]
2026-03-26 00:46:16,925    AUC: 1.0000  Brier: 0.0000
2026-03-26 00:46:16,925    Done in 18.9s
2026-03-26 00:46:16,925  
==============================================================
2026-03-26 00:46:16,925    ITER 0014 | P9-A: GSWA geology integration
2026-03-26 00:46:16,925    Lithology (greenstone/ultramafic/granite/sedimentary) discriminates mineral type
2026-03-26 00:46:16,925  ==============================================================
2026-03-26 00:46:21,186    Dataset: 3500x50
2026-03-26 00:46:30,397  
  SCORES (delta vs Phase 8B):
2026-03-26 00:46:30,397    Mineral:     2.00/10  (-1.3)
2026-03-26 00:46:30,397    Depth:       4.10/10  (+0.0)
2026-03-26 00:46:30,397    Coords:      7.00/10
2026-03-26 00:46:30,397    Certainty:  10.00/10  (+0.7)
2026-03-26 00:46:30,397    ──────────────────────────
2026-03-26 00:46:30,397    TOTAL:      23.10/40  (-0.6) [57.8%]
2026-03-26 00:46:30,397    AUC: 1.0000  Brier: 0.0000
2026-03-26 00:46:30,398    Done in 13.5s
2026-03-26 00:46:30,398  
==============================================================
2026-03-26 00:46:30,398    ITER 0015 | P9-A: GSWA geology integration
2026-03-26 00:46:30,398    Lithology (greenstone/ultramafic/granite/sedimentary) discriminates mineral type
2026-03-26 00:46:30,398  ==============================================================
2026-03-26 00:46:34,718    Dataset: 3500x50
2026-03-26 00:46:45,115  
  SCORES (delta vs Phase 8B):
2026-03-26 00:46:45,116    Mineral:     1.95/10  (-1.35)
2026-03-26 00:46:45,116    Depth:       4.10/10  (+0.0)
2026-03-26 00:46:45,116    Coords:      7.00/10
2026-03-26 00:46:45,116    Certainty:  10.00/10  (+0.7)
2026-03-26 00:46:45,116    ──────────────────────────
2026-03-26 00:46:45,116    TOTAL:      23.05/40  (-0.65) [57.6%]
2026-03-26 00:46:45,116    AUC: 1.0000  Brier: 0.0007
2026-03-26 00:46:45,116    Done in 14.7s
2026-03-26 00:46:45,116  
==============================================================
2026-03-26 00:46:45,116    ITER 0016 | P9-A: GSWA geology integration
2026-03-26 00:46:45,116    Lithology (greenstone/ultramafic/granite/sedimentary) discriminates mineral type
2026-03-26 00:46:45,116  ==============================================================
2026-03-26 00:46:49,348    Dataset: 3500x50
2026-03-26 00:47:01,524  
  SCORES (delta vs Phase 8B):
2026-03-26 00:47:01,524    Mineral:     2.00/10  (-1.3)
2026-03-26 00:47:01,524    Depth:       4.10/10  (+0.0)
2026-03-26 00:47:01,524    Coords:      7.00/10
2026-03-26 00:47:01,524    Certainty:  10.00/10  (+0.7)
2026-03-26 00:47:01,524    ──────────────────────────
2026-03-26 00:47:01,524    TOTAL:      23.10/40  (-0.6) [57.8%]
2026-03-26 00:47:01,524    AUC: 1.0000  Brier: 0.0000
2026-03-26 00:47:01,525    Done in 16.4s
2026-03-26 00:47:01,525  
==============================================================
2026-03-26 00:47:01,525    ITER 0017 | P9-A: GSWA geology integration
2026-03-26 00:47:01,525    Lithology (greenstone/ultramafic/granite/sedimentary) discriminates mineral type
2026-03-26 00:47:01,525  ==============================================================
2026-03-26 00:47:05,767    Dataset: 3500x50
2026-03-26 00:47:14,767  
  SCORES (delta vs Phase 8B):
2026-03-26 00:47:14,767    Mineral:     2.00/10  (-1.3)
2026-03-26 00:47:14,767    Depth:       4.10/10  (+0.0)
2026-03-26 00:47:14,767    Coords:      7.00/10
2026-03-26 00:47:14,767    Certainty:  10.00/10  (+0.7)
2026-03-26 00:47:14,767    ──────────────────────────
2026-03-26 00:47:14,767    TOTAL:      23.10/40  (-0.6) [57.8%]
2026-03-26 00:47:14,767    AUC: 1.0000  Brier: 0.0000
2026-03-26 00:47:14,768    Done in 13.2s
2026-03-26 00:47:14,768  
==============================================================
2026-03-26 00:47:14,768    ITER 0018 | P9-A: GSWA geology integration
2026-03-26 00:47:14,768    Lithology (greenstone/ultramafic/granite/sedimentary) discriminates mineral type
2026-03-26 00:47:14,768  ==============================================================
2026-03-26 00:47:19,677    Dataset: 3500x50
2026-03-26 00:47:33,147  
  SCORES (delta vs Phase 8B):
2026-03-26 00:47:33,147    Mineral:     2.00/10  (-1.3)
2026-03-26 00:47:33,147    Depth:       4.10/10  (+0.0)
2026-03-26 00:47:33,147    Coords:      7.00/10
2026-03-26 00:47:33,147    Certainty:  10.00/10  (+0.7)
2026-03-26 00:47:33,147    ──────────────────────────
2026-03-26 00:47:33,147    TOTAL:      23.10/40  (-0.6) [57.8%]
2026-03-26 00:47:33,147    AUC: 1.0000  Brier: 0.0000
2026-03-26 00:47:33,148    Done in 18.4s
2026-03-26 00:47:33,148  
==============================================================
2026-03-26 00:47:33,148    ITER 0019 | P9-A: GSWA geology integration
2026-03-26 00:47:33,148    Lithology (greenstone/ultramafic/granite/sedimentary) discriminates mineral type
2026-03-26 00:47:33,148  ==============================================================
2026-03-26 00:47:37,947    Dataset: 3500x50
2026-03-26 00:47:51,370  
  SCORES (delta vs Phase 8B):
2026-03-26 00:47:51,370    Mineral:     2.00/10  (-1.3)
2026-03-26 00:47:51,370    Depth:       4.10/10  (+0.0)
2026-03-26 00:47:51,370    Coords:      7.00/10
2026-03-26 00:47:51,370    Certainty:  10.00/10  (+0.7)
2026-03-26 00:47:51,370    ──────────────────────────
2026-03-26 00:47:51,370    TOTAL:      23.10/40  (-0.6) [57.8%]
2026-03-26 00:47:51,370    AUC: 1.0000  Brier: 0.0000
2026-03-26 00:47:51,371    Done in 18.2s
2026-03-26 00:47:51,371  
==============================================================
2026-03-26 00:47:51,371    ITER 0020 | P9-A: GSWA geology integration
2026-03-26 00:47:51,371    Lithology (greenstone/ultramafic/granite/sedimentary) discriminates mineral type
2026-03-26 00:47:51,371  ==============================================================
2026-03-26 00:47:55,748    Dataset: 3500x50
2026-03-26 00:48:09,287  
  SCORES (delta vs Phase 8B):
2026-03-26 00:48:09,287    Mineral:     2.00/10  (-1.3)
2026-03-26 00:48:09,287    Depth:       4.10/10  (+0.0)
2026-03-26 00:48:09,287    Coords:      7.00/10
2026-03-26 00:48:09,287    Certainty:  10.00/10  (+0.7)
2026-03-26 00:48:09,287    ──────────────────────────
2026-03-26 00:48:09,287    TOTAL:      23.10/40  (-0.6) [57.8%]
2026-03-26 00:48:09,287    AUC: 1.0000  Brier: 0.0000
2026-03-26 00:48:09,288    Done in 17.9s
2026-03-26 00:48:09,288  
==============================================================
2026-03-26 00:48:09,288    ITER 0021 | P9-A: GSWA geology integration
2026-03-26 00:48:09,288    Lithology (greenstone/ultramafic/granite/sedimentary) discriminates mineral type
2026-03-26 00:48:09,288  ==============================================================
2026-03-26 00:48:13,634    Dataset: 3500x50
2026-03-26 00:48:22,528  
  SCORES (delta vs Phase 8B):
2026-03-26 00:48:22,528    Mineral:     1.95/10  (-1.35)
2026-03-26 00:48:22,528    Depth:       4.10/10  (+0.0)
2026-03-26 00:48:22,528    Coords:      7.00/10
2026-03-26 00:48:22,528    Certainty:  10.00/10  (+0.7)
2026-03-26 00:48:22,528    ──────────────────────────
2026-03-26 00:48:22,528    TOTAL:      23.05/40  (-0.65) [57.6%]
2026-03-26 00:48:22,528    AUC: 1.0000  Brier: 0.0010
2026-03-26 00:48:22,529    Done in 13.2s
